 
****************************************
Report : timing
        -path full
        -delay min
        -max_paths 20
Design : top
Version: T-2022.03-SP3
Date   : Fri May  5 02:41:00 2023
****************************************

Operating Conditions: PVT_0P7V_25C   Library: asap7sc7p5t_AO_RVT_TT_nldm_211120
Wire Load Model Mode: segmented

  Startpoint: enable_cnt_reg[1]
              (rising edge-triggered flip-flop clocked by clk)
  Endpoint: enable_cnt_reg[0]
            (rising edge-triggered flip-flop clocked by clk)
  Path Group: clk
  Path Type: min

  Point                                                   Incr       Path
  --------------------------------------------------------------------------
  clock clk (rise edge)                                   0.00       0.00
  clock network delay (ideal)                             0.00       0.00
  enable_cnt_reg[1]/CLK (DFFHQNx1_ASAP7_75t_R)            0.00       0.00 r
  enable_cnt_reg[1]/QN (DFFHQNx1_ASAP7_75t_R)            57.79      57.79 r
  U20979/Y (AOI21xp5_ASAP7_75t_R)                        13.35      71.13 f
  enable_cnt_reg[0]/D (DFFHQNx1_ASAP7_75t_R)              0.00      71.13 f
  data arrival time                                                 71.13

  clock clk (rise edge)                                   0.00       0.00
  clock network delay (ideal)                             0.00       0.00
  clock uncertainty                                       0.01       0.01
  enable_cnt_reg[0]/CLK (DFFHQNx1_ASAP7_75t_R)            0.00       0.01 r
  library hold time                                      18.81      18.82
  data required time                                                18.82
  --------------------------------------------------------------------------
  data required time                                                18.82
  data arrival time                                                -71.13
  --------------------------------------------------------------------------
  slack (MET)                                                       52.32


  Startpoint: enable_cnt_reg[1]
              (rising edge-triggered flip-flop clocked by clk)
  Endpoint: enable_cnt_reg[1]
            (rising edge-triggered flip-flop clocked by clk)
  Path Group: clk
  Path Type: min

  Point                                                   Incr       Path
  --------------------------------------------------------------------------
  clock clk (rise edge)                                   0.00       0.00
  clock network delay (ideal)                             0.00       0.00
  enable_cnt_reg[1]/CLK (DFFHQNx1_ASAP7_75t_R)            0.00       0.00 r
  enable_cnt_reg[1]/QN (DFFHQNx1_ASAP7_75t_R)            57.79      57.79 r
  U20980/Y (AOI21xp5_ASAP7_75t_R)                        13.35      71.13 f
  enable_cnt_reg[1]/D (DFFHQNx1_ASAP7_75t_R)              0.00      71.13 f
  data arrival time                                                 71.13

  clock clk (rise edge)                                   0.00       0.00
  clock network delay (ideal)                             0.00       0.00
  clock uncertainty                                       0.01       0.01
  enable_cnt_reg[1]/CLK (DFFHQNx1_ASAP7_75t_R)            0.00       0.01 r
  library hold time                                      18.81      18.82
  data required time                                                18.82
  --------------------------------------------------------------------------
  data required time                                                18.82
  data arrival time                                                -71.13
  --------------------------------------------------------------------------
  slack (MET)                                                       52.32


  Startpoint: in_ready (input port clocked by clk_gated)
  Endpoint: node0/genblk7.rdy_sft_reg
            (rising edge-triggered flip-flop clocked by clk_gated)
  Path Group: clk_gated
  Path Type: min

  Point                                                   Incr       Path
  --------------------------------------------------------------------------
  clock clk_gated (rise edge)                             0.00       0.00
  clock network delay (ideal)                             0.00       0.00
  input external delay                                    0.10       0.10 r
  in_ready (in)                                           0.00       0.10 r
  U20989/Y (INVx1_ASAP7_75t_R)                           19.77      19.87 f
  node0/genblk7.rdy_sft_reg/D (DFFHQNx1_ASAP7_75t_R)      0.00      19.87 f
  data arrival time                                                 19.87

  clock clk_gated (rise edge)                             0.00       0.00
  clock network delay (ideal)                             0.00       0.00
  clock uncertainty                                       0.01       0.01
  node0/genblk7.rdy_sft_reg/CLK (DFFHQNx1_ASAP7_75t_R)
                                                          0.00       0.01 r
  library hold time                                      14.60      14.61
  data required time                                                14.61
  --------------------------------------------------------------------------
  data required time                                                14.61
  data arrival time                                                -19.87
  --------------------------------------------------------------------------
  slack (MET)                                                        5.27


  Startpoint: in_ready (input port clocked by clk_gated)
  Endpoint: node1/genblk7.rdy_sft_reg
            (rising edge-triggered flip-flop clocked by clk_gated)
  Path Group: clk_gated
  Path Type: min

  Point                                                   Incr       Path
  --------------------------------------------------------------------------
  clock clk_gated (rise edge)                             0.00       0.00
  clock network delay (ideal)                             0.00       0.00
  input external delay                                    0.10       0.10 r
  in_ready (in)                                           0.00       0.10 r
  U20989/Y (INVx1_ASAP7_75t_R)                           19.77      19.87 f
  node1/genblk7.rdy_sft_reg/D (DFFHQNx1_ASAP7_75t_R)      0.00      19.87 f
  data arrival time                                                 19.87

  clock clk_gated (rise edge)                             0.00       0.00
  clock network delay (ideal)                             0.00       0.00
  clock uncertainty                                       0.01       0.01
  node1/genblk7.rdy_sft_reg/CLK (DFFHQNx1_ASAP7_75t_R)
                                                          0.00       0.01 r
  library hold time                                      14.60      14.61
  data required time                                                14.61
  --------------------------------------------------------------------------
  data required time                                                14.61
  data arrival time                                                -19.87
  --------------------------------------------------------------------------
  slack (MET)                                                        5.27


  Startpoint: in_ready (input port clocked by clk_gated)
  Endpoint: node2/genblk7.rdy_sft_reg
            (rising edge-triggered flip-flop clocked by clk_gated)
  Path Group: clk_gated
  Path Type: min

  Point                                                   Incr       Path
  --------------------------------------------------------------------------
  clock clk_gated (rise edge)                             0.00       0.00
  clock network delay (ideal)                             0.00       0.00
  input external delay                                    0.10       0.10 r
  in_ready (in)                                           0.00       0.10 r
  U20989/Y (INVx1_ASAP7_75t_R)                           19.77      19.87 f
  node2/genblk7.rdy_sft_reg/D (DFFHQNx1_ASAP7_75t_R)      0.00      19.87 f
  data arrival time                                                 19.87

  clock clk_gated (rise edge)                             0.00       0.00
  clock network delay (ideal)                             0.00       0.00
  clock uncertainty                                       0.01       0.01
  node2/genblk7.rdy_sft_reg/CLK (DFFHQNx1_ASAP7_75t_R)
                                                          0.00       0.01 r
  library hold time                                      14.60      14.61
  data required time                                                14.61
  --------------------------------------------------------------------------
  data required time                                                14.61
  data arrival time                                                -19.87
  --------------------------------------------------------------------------
  slack (MET)                                                        5.27


  Startpoint: in_ready (input port clocked by clk_gated)
  Endpoint: node3/genblk7.rdy_sft_reg
            (rising edge-triggered flip-flop clocked by clk_gated)
  Path Group: clk_gated
  Path Type: min

  Point                                                   Incr       Path
  --------------------------------------------------------------------------
  clock clk_gated (rise edge)                             0.00       0.00
  clock network delay (ideal)                             0.00       0.00
  input external delay                                    0.10       0.10 r
  in_ready (in)                                           0.00       0.10 r
  U20989/Y (INVx1_ASAP7_75t_R)                           19.77      19.87 f
  node3/genblk7.rdy_sft_reg/D (DFFHQNx1_ASAP7_75t_R)      0.00      19.87 f
  data arrival time                                                 19.87

  clock clk_gated (rise edge)                             0.00       0.00
  clock network delay (ideal)                             0.00       0.00
  clock uncertainty                                       0.01       0.01
  node3/genblk7.rdy_sft_reg/CLK (DFFHQNx1_ASAP7_75t_R)
                                                          0.00       0.01 r
  library hold time                                      14.60      14.61
  data required time                                                14.61
  --------------------------------------------------------------------------
  data required time                                                14.61
  data arrival time                                                -19.87
  --------------------------------------------------------------------------
  slack (MET)                                                        5.27


  Startpoint: in_ready (input port clocked by clk_gated)
  Endpoint: node0/out0_ready_reg
            (rising edge-triggered flip-flop clocked by clk_gated)
  Path Group: clk_gated
  Path Type: min

  Point                                                   Incr       Path
  --------------------------------------------------------------------------
  clock clk_gated (rise edge)                             0.00       0.00
  clock network delay (ideal)                             0.00       0.00
  input external delay                                    0.10       0.10 f
  in_ready (in)                                           0.00       0.10 f
  U20989/Y (INVx1_ASAP7_75t_R)                           24.35      24.45 r
  U20988/Y (AOI21xp5_ASAP7_75t_R)                        15.86      40.31 f
  node0/out0_ready_reg/D (DFFHQNx1_ASAP7_75t_R)           0.00      40.31 f
  data arrival time                                                 40.31

  clock clk_gated (rise edge)                             0.00       0.00
  clock network delay (ideal)                             0.00       0.00
  clock uncertainty                                       0.01       0.01
  node0/out0_ready_reg/CLK (DFFHQNx1_ASAP7_75t_R)         0.00       0.01 r
  library hold time                                      17.64      17.65
  data required time                                                17.65
  --------------------------------------------------------------------------
  data required time                                                17.65
  data arrival time                                                -40.31
  --------------------------------------------------------------------------
  slack (MET)                                                       22.66


  Startpoint: in_ready (input port clocked by clk_gated)
  Endpoint: node0/out1_ready_reg
            (rising edge-triggered flip-flop clocked by clk_gated)
  Path Group: clk_gated
  Path Type: min

  Point                                                   Incr       Path
  --------------------------------------------------------------------------
  clock clk_gated (rise edge)                             0.00       0.00
  clock network delay (ideal)                             0.00       0.00
  input external delay                                    0.10       0.10 f
  in_ready (in)                                           0.00       0.10 f
  U20989/Y (INVx1_ASAP7_75t_R)                           24.35      24.45 r
  U20987/Y (AOI21xp5_ASAP7_75t_R)                        15.86      40.31 f
  node0/out1_ready_reg/D (DFFHQNx1_ASAP7_75t_R)           0.00      40.31 f
  data arrival time                                                 40.31

  clock clk_gated (rise edge)                             0.00       0.00
  clock network delay (ideal)                             0.00       0.00
  clock uncertainty                                       0.01       0.01
  node0/out1_ready_reg/CLK (DFFHQNx1_ASAP7_75t_R)         0.00       0.01 r
  library hold time                                      17.64      17.65
  data required time                                                17.65
  --------------------------------------------------------------------------
  data required time                                                17.65
  data arrival time                                                -40.31
  --------------------------------------------------------------------------
  slack (MET)                                                       22.66


  Startpoint: in_ready (input port clocked by clk_gated)
  Endpoint: node1/out0_ready_reg
            (rising edge-triggered flip-flop clocked by clk_gated)
  Path Group: clk_gated
  Path Type: min

  Point                                                   Incr       Path
  --------------------------------------------------------------------------
  clock clk_gated (rise edge)                             0.00       0.00
  clock network delay (ideal)                             0.00       0.00
  input external delay                                    0.10       0.10 f
  in_ready (in)                                           0.00       0.10 f
  U20989/Y (INVx1_ASAP7_75t_R)                           24.35      24.45 r
  U20986/Y (AOI21xp5_ASAP7_75t_R)                        15.86      40.31 f
  node1/out0_ready_reg/D (DFFHQNx1_ASAP7_75t_R)           0.00      40.31 f
  data arrival time                                                 40.31

  clock clk_gated (rise edge)                             0.00       0.00
  clock network delay (ideal)                             0.00       0.00
  clock uncertainty                                       0.01       0.01
  node1/out0_ready_reg/CLK (DFFHQNx1_ASAP7_75t_R)         0.00       0.01 r
  library hold time                                      17.64      17.65
  data required time                                                17.65
  --------------------------------------------------------------------------
  data required time                                                17.65
  data arrival time                                                -40.31
  --------------------------------------------------------------------------
  slack (MET)                                                       22.66


  Startpoint: in_ready (input port clocked by clk_gated)
  Endpoint: node1/out1_ready_reg
            (rising edge-triggered flip-flop clocked by clk_gated)
  Path Group: clk_gated
  Path Type: min

  Point                                                   Incr       Path
  --------------------------------------------------------------------------
  clock clk_gated (rise edge)                             0.00       0.00
  clock network delay (ideal)                             0.00       0.00
  input external delay                                    0.10       0.10 f
  in_ready (in)                                           0.00       0.10 f
  U20989/Y (INVx1_ASAP7_75t_R)                           24.35      24.45 r
  U20985/Y (AOI21xp5_ASAP7_75t_R)                        15.86      40.31 f
  node1/out1_ready_reg/D (DFFHQNx1_ASAP7_75t_R)           0.00      40.31 f
  data arrival time                                                 40.31

  clock clk_gated (rise edge)                             0.00       0.00
  clock network delay (ideal)                             0.00       0.00
  clock uncertainty                                       0.01       0.01
  node1/out1_ready_reg/CLK (DFFHQNx1_ASAP7_75t_R)         0.00       0.01 r
  library hold time                                      17.64      17.65
  data required time                                                17.65
  --------------------------------------------------------------------------
  data required time                                                17.65
  data arrival time                                                -40.31
  --------------------------------------------------------------------------
  slack (MET)                                                       22.66


  Startpoint: in_ready (input port clocked by clk_gated)
  Endpoint: node2/out0_ready_reg
            (rising edge-triggered flip-flop clocked by clk_gated)
  Path Group: clk_gated
  Path Type: min

  Point                                                   Incr       Path
  --------------------------------------------------------------------------
  clock clk_gated (rise edge)                             0.00       0.00
  clock network delay (ideal)                             0.00       0.00
  input external delay                                    0.10       0.10 f
  in_ready (in)                                           0.00       0.10 f
  U20989/Y (INVx1_ASAP7_75t_R)                           24.35      24.45 r
  U20984/Y (AOI21xp5_ASAP7_75t_R)                        15.86      40.31 f
  node2/out0_ready_reg/D (DFFHQNx1_ASAP7_75t_R)           0.00      40.31 f
  data arrival time                                                 40.31

  clock clk_gated (rise edge)                             0.00       0.00
  clock network delay (ideal)                             0.00       0.00
  clock uncertainty                                       0.01       0.01
  node2/out0_ready_reg/CLK (DFFHQNx1_ASAP7_75t_R)         0.00       0.01 r
  library hold time                                      17.64      17.65
  data required time                                                17.65
  --------------------------------------------------------------------------
  data required time                                                17.65
  data arrival time                                                -40.31
  --------------------------------------------------------------------------
  slack (MET)                                                       22.66


  Startpoint: in_ready (input port clocked by clk_gated)
  Endpoint: node2/out1_ready_reg
            (rising edge-triggered flip-flop clocked by clk_gated)
  Path Group: clk_gated
  Path Type: min

  Point                                                   Incr       Path
  --------------------------------------------------------------------------
  clock clk_gated (rise edge)                             0.00       0.00
  clock network delay (ideal)                             0.00       0.00
  input external delay                                    0.10       0.10 f
  in_ready (in)                                           0.00       0.10 f
  U20989/Y (INVx1_ASAP7_75t_R)                           24.35      24.45 r
  U20983/Y (AOI21xp5_ASAP7_75t_R)                        15.86      40.31 f
  node2/out1_ready_reg/D (DFFHQNx1_ASAP7_75t_R)           0.00      40.31 f
  data arrival time                                                 40.31

  clock clk_gated (rise edge)                             0.00       0.00
  clock network delay (ideal)                             0.00       0.00
  clock uncertainty                                       0.01       0.01
  node2/out1_ready_reg/CLK (DFFHQNx1_ASAP7_75t_R)         0.00       0.01 r
  library hold time                                      17.64      17.65
  data required time                                                17.65
  --------------------------------------------------------------------------
  data required time                                                17.65
  data arrival time                                                -40.31
  --------------------------------------------------------------------------
  slack (MET)                                                       22.66


  Startpoint: in_ready (input port clocked by clk_gated)
  Endpoint: node3/out0_ready_reg
            (rising edge-triggered flip-flop clocked by clk_gated)
  Path Group: clk_gated
  Path Type: min

  Point                                                   Incr       Path
  --------------------------------------------------------------------------
  clock clk_gated (rise edge)                             0.00       0.00
  clock network delay (ideal)                             0.00       0.00
  input external delay                                    0.10       0.10 f
  in_ready (in)                                           0.00       0.10 f
  U20989/Y (INVx1_ASAP7_75t_R)                           24.35      24.45 r
  U20982/Y (AOI21xp5_ASAP7_75t_R)                        15.86      40.31 f
  node3/out0_ready_reg/D (DFFHQNx1_ASAP7_75t_R)           0.00      40.31 f
  data arrival time                                                 40.31

  clock clk_gated (rise edge)                             0.00       0.00
  clock network delay (ideal)                             0.00       0.00
  clock uncertainty                                       0.01       0.01
  node3/out0_ready_reg/CLK (DFFHQNx1_ASAP7_75t_R)         0.00       0.01 r
  library hold time                                      17.64      17.65
  data required time                                                17.65
  --------------------------------------------------------------------------
  data required time                                                17.65
  data arrival time                                                -40.31
  --------------------------------------------------------------------------
  slack (MET)                                                       22.66


  Startpoint: in_ready (input port clocked by clk_gated)
  Endpoint: node3/out1_ready_reg
            (rising edge-triggered flip-flop clocked by clk_gated)
  Path Group: clk_gated
  Path Type: min

  Point                                                   Incr       Path
  --------------------------------------------------------------------------
  clock clk_gated (rise edge)                             0.00       0.00
  clock network delay (ideal)                             0.00       0.00
  input external delay                                    0.10       0.10 f
  in_ready (in)                                           0.00       0.10 f
  U20989/Y (INVx1_ASAP7_75t_R)                           24.35      24.45 r
  U20981/Y (AOI21xp5_ASAP7_75t_R)                        15.86      40.31 f
  node3/out1_ready_reg/D (DFFHQNx1_ASAP7_75t_R)           0.00      40.31 f
  data arrival time                                                 40.31

  clock clk_gated (rise edge)                             0.00       0.00
  clock network delay (ideal)                             0.00       0.00
  clock uncertainty                                       0.01       0.01
  node3/out1_ready_reg/CLK (DFFHQNx1_ASAP7_75t_R)         0.00       0.01 r
  library hold time                                      17.64      17.65
  data required time                                                17.65
  --------------------------------------------------------------------------
  data required time                                                17.65
  data arrival time                                                -40.31
  --------------------------------------------------------------------------
  slack (MET)                                                       22.66


  Startpoint: w05[0] (input port clocked by clk_gated)
  Endpoint: node0/s_o1_reg[1][0]
            (rising edge-triggered flip-flop clocked by clk_gated)
  Path Group: clk_gated
  Path Type: min

  Point                                                   Incr       Path
  --------------------------------------------------------------------------
  clock clk_gated (rise edge)                             0.00       0.00
  clock network delay (ideal)                             0.00       0.00
  input external delay                                    0.10       0.10 f
  w05[0] (in)                                             0.00       0.10 f
  U5894/Y (NAND2xp5_ASAP7_75t_R)                          9.08       9.18 r
  U15934/Y (XOR2xp5_ASAP7_75t_R)                         14.65      23.83 f
  U15807/Y (XOR2xp5_ASAP7_75t_R)                         11.98      35.81 r
  U4779/Y (NAND2xp5_ASAP7_75t_R)                         10.12      45.93 f
  node0/s_o1_reg[1][0]/D (DFFHQNx1_ASAP7_75t_R)           0.00      45.93 f
  data arrival time                                                 45.93

  clock clk_gated (rise edge)                             0.00       0.00
  clock network delay (ideal)                             0.00       0.00
  clock uncertainty                                       0.01       0.01
  node0/s_o1_reg[1][0]/CLK (DFFHQNx1_ASAP7_75t_R)         0.00       0.01 r
  library hold time                                      17.49      17.50
  data required time                                                17.50
  --------------------------------------------------------------------------
  data required time                                                17.50
  data arrival time                                                -45.93
  --------------------------------------------------------------------------
  slack (MET)                                                       28.43


  Startpoint: w07[0] (input port clocked by clk_gated)
  Endpoint: node0/s_o1_reg[3][0]
            (rising edge-triggered flip-flop clocked by clk_gated)
  Path Group: clk_gated
  Path Type: min

  Point                                                   Incr       Path
  --------------------------------------------------------------------------
  clock clk_gated (rise edge)                             0.00       0.00
  clock network delay (ideal)                             0.00       0.00
  input external delay                                    0.10       0.10 f
  w07[0] (in)                                             0.00       0.10 f
  U5886/Y (NAND2xp5_ASAP7_75t_R)                          9.08       9.18 r
  U15928/Y (XOR2xp5_ASAP7_75t_R)                         14.65      23.83 f
  U15829/Y (XOR2xp5_ASAP7_75t_R)                         11.98      35.81 r
  U4781/Y (NAND2xp5_ASAP7_75t_R)                         10.12      45.93 f
  node0/s_o1_reg[3][0]/D (DFFHQNx1_ASAP7_75t_R)           0.00      45.93 f
  data arrival time                                                 45.93

  clock clk_gated (rise edge)                             0.00       0.00
  clock network delay (ideal)                             0.00       0.00
  clock uncertainty                                       0.01       0.01
  node0/s_o1_reg[3][0]/CLK (DFFHQNx1_ASAP7_75t_R)         0.00       0.01 r
  library hold time                                      17.45      17.46
  data required time                                                17.46
  --------------------------------------------------------------------------
  data required time                                                17.46
  data arrival time                                                -45.93
  --------------------------------------------------------------------------
  slack (MET)                                                       28.48


  Startpoint: w07[0] (input port clocked by clk_gated)
  Endpoint: node1/s_o1_reg[3][0]
            (rising edge-triggered flip-flop clocked by clk_gated)
  Path Group: clk_gated
  Path Type: min

  Point                                                   Incr       Path
  --------------------------------------------------------------------------
  clock clk_gated (rise edge)                             0.00       0.00
  clock network delay (ideal)                             0.00       0.00
  input external delay                                    0.10       0.10 f
  w07[0] (in)                                             0.00       0.10 f
  U4425/Y (NAND2xp5_ASAP7_75t_R)                          9.08       9.18 r
  U15358/Y (XOR2xp5_ASAP7_75t_R)                         14.65      23.83 f
  U15260/Y (XOR2xp5_ASAP7_75t_R)                         11.98      35.81 r
  U3320/Y (NAND2xp5_ASAP7_75t_R)                         10.12      45.93 f
  node1/s_o1_reg[3][0]/D (DFFHQNx1_ASAP7_75t_R)           0.00      45.93 f
  data arrival time                                                 45.93

  clock clk_gated (rise edge)                             0.00       0.00
  clock network delay (ideal)                             0.00       0.00
  clock uncertainty                                       0.01       0.01
  node1/s_o1_reg[3][0]/CLK (DFFHQNx1_ASAP7_75t_R)         0.00       0.01 r
  library hold time                                      17.45      17.46
  data required time                                                17.46
  --------------------------------------------------------------------------
  data required time                                                17.46
  data arrival time                                                -45.93
  --------------------------------------------------------------------------
  slack (MET)                                                       28.48


  Startpoint: w06[0] (input port clocked by clk_gated)
  Endpoint: node1/s_o1_reg[2][0]
            (rising edge-triggered flip-flop clocked by clk_gated)
  Path Group: clk_gated
  Path Type: min

  Point                                                   Incr       Path
  --------------------------------------------------------------------------
  clock clk_gated (rise edge)                             0.00       0.00
  clock network delay (ideal)                             0.00       0.00
  input external delay                                    0.10       0.10 f
  w06[0] (in)                                             0.00       0.10 f
  U4429/Y (NAND2xp5_ASAP7_75t_R)                          9.08       9.18 r
  U15361/Y (XOR2xp5_ASAP7_75t_R)                         14.65      23.83 f
  U15249/Y (XOR2xp5_ASAP7_75t_R)                         11.98      35.81 r
  U3319/Y (NAND2xp5_ASAP7_75t_R)                         10.12      45.93 f
  node1/s_o1_reg[2][0]/D (DFFHQNx1_ASAP7_75t_R)           0.00      45.93 f
  data arrival time                                                 45.93

  clock clk_gated (rise edge)                             0.00       0.00
  clock network delay (ideal)                             0.00       0.00
  clock uncertainty                                       0.01       0.01
  node1/s_o1_reg[2][0]/CLK (DFFHQNx1_ASAP7_75t_R)         0.00       0.01 r
  library hold time                                      17.45      17.46
  data required time                                                17.46
  --------------------------------------------------------------------------
  data required time                                                17.46
  data arrival time                                                -45.93
  --------------------------------------------------------------------------
  slack (MET)                                                       28.48


  Startpoint: w05[0] (input port clocked by clk_gated)
  Endpoint: node1/s_o1_reg[1][0]
            (rising edge-triggered flip-flop clocked by clk_gated)
  Path Group: clk_gated
  Path Type: min

  Point                                                   Incr       Path
  --------------------------------------------------------------------------
  clock clk_gated (rise edge)                             0.00       0.00
  clock network delay (ideal)                             0.00       0.00
  input external delay                                    0.10       0.10 f
  w05[0] (in)                                             0.00       0.10 f
  U4433/Y (NAND2xp5_ASAP7_75t_R)                          9.08       9.18 r
  U15364/Y (XOR2xp5_ASAP7_75t_R)                         14.65      23.83 f
  U15238/Y (XOR2xp5_ASAP7_75t_R)                         11.98      35.81 r
  U3318/Y (NAND2xp5_ASAP7_75t_R)                         10.12      45.93 f
  node1/s_o1_reg[1][0]/D (DFFHQNx1_ASAP7_75t_R)           0.00      45.93 f
  data arrival time                                                 45.93

  clock clk_gated (rise edge)                             0.00       0.00
  clock network delay (ideal)                             0.00       0.00
  clock uncertainty                                       0.01       0.01
  node1/s_o1_reg[1][0]/CLK (DFFHQNx1_ASAP7_75t_R)         0.00       0.01 r
  library hold time                                      17.45      17.46
  data required time                                                17.46
  --------------------------------------------------------------------------
  data required time                                                17.46
  data arrival time                                                -45.93
  --------------------------------------------------------------------------
  slack (MET)                                                       28.48


  Startpoint: w07[0] (input port clocked by clk_gated)
  Endpoint: node2/s_o1_reg[3][0]
            (rising edge-triggered flip-flop clocked by clk_gated)
  Path Group: clk_gated
  Path Type: min

  Point                                                   Incr       Path
  --------------------------------------------------------------------------
  clock clk_gated (rise edge)                             0.00       0.00
  clock network delay (ideal)                             0.00       0.00
  input external delay                                    0.10       0.10 f
  w07[0] (in)                                             0.00       0.10 f
  U2965/Y (NAND2xp5_ASAP7_75t_R)                          9.08       9.18 r
  U14790/Y (XOR2xp5_ASAP7_75t_R)                         14.65      23.83 f
  U14706/Y (XOR2xp5_ASAP7_75t_R)                         11.98      35.81 r
  U1869/Y (NAND2xp5_ASAP7_75t_R)                         10.12      45.93 f
  node2/s_o1_reg[3][0]/D (DFFHQNx1_ASAP7_75t_R)           0.00      45.93 f
  data arrival time                                                 45.93

  clock clk_gated (rise edge)                             0.00       0.00
  clock network delay (ideal)                             0.00       0.00
  clock uncertainty                                       0.01       0.01
  node2/s_o1_reg[3][0]/CLK (DFFHQNx1_ASAP7_75t_R)         0.00       0.01 r
  library hold time                                      17.45      17.46
  data required time                                                17.46
  --------------------------------------------------------------------------
  data required time                                                17.46
  data arrival time                                                -45.93
  --------------------------------------------------------------------------
  slack (MET)                                                       28.48


  Startpoint: w06[0] (input port clocked by clk_gated)
  Endpoint: node2/s_o1_reg[2][0]
            (rising edge-triggered flip-flop clocked by clk_gated)
  Path Group: clk_gated
  Path Type: min

  Point                                                   Incr       Path
  --------------------------------------------------------------------------
  clock clk_gated (rise edge)                             0.00       0.00
  clock network delay (ideal)                             0.00       0.00
  input external delay                                    0.10       0.10 f
  w06[0] (in)                                             0.00       0.10 f
  U2969/Y (NAND2xp5_ASAP7_75t_R)                          9.08       9.18 r
  U14793/Y (XOR2xp5_ASAP7_75t_R)                         14.65      23.83 f
  U14695/Y (XOR2xp5_ASAP7_75t_R)                         11.98      35.81 r
  U1868/Y (NAND2xp5_ASAP7_75t_R)                         10.12      45.93 f
  node2/s_o1_reg[2][0]/D (DFFHQNx1_ASAP7_75t_R)           0.00      45.93 f
  data arrival time                                                 45.93

  clock clk_gated (rise edge)                             0.00       0.00
  clock network delay (ideal)                             0.00       0.00
  clock uncertainty                                       0.01       0.01
  node2/s_o1_reg[2][0]/CLK (DFFHQNx1_ASAP7_75t_R)         0.00       0.01 r
  library hold time                                      17.45      17.46
  data required time                                                17.46
  --------------------------------------------------------------------------
  data required time                                                17.46
  data arrival time                                                -45.93
  --------------------------------------------------------------------------
  slack (MET)                                                       28.48


  Startpoint: w05[0] (input port clocked by clk_gated)
  Endpoint: node2/s_o1_reg[1][0]
            (rising edge-triggered flip-flop clocked by clk_gated)
  Path Group: clk_gated
  Path Type: min

  Point                                                   Incr       Path
  --------------------------------------------------------------------------
  clock clk_gated (rise edge)                             0.00       0.00
  clock network delay (ideal)                             0.00       0.00
  input external delay                                    0.10       0.10 f
  w05[0] (in)                                             0.00       0.10 f
  U2973/Y (NAND2xp5_ASAP7_75t_R)                          9.08       9.18 r
  U14796/Y (XOR2xp5_ASAP7_75t_R)                         14.65      23.83 f
  U14684/Y (XOR2xp5_ASAP7_75t_R)                         11.98      35.81 r
  U1867/Y (NAND2xp5_ASAP7_75t_R)                         10.12      45.93 f
  node2/s_o1_reg[1][0]/D (DFFHQNx1_ASAP7_75t_R)           0.00      45.93 f
  data arrival time                                                 45.93

  clock clk_gated (rise edge)                             0.00       0.00
  clock network delay (ideal)                             0.00       0.00
  clock uncertainty                                       0.01       0.01
  node2/s_o1_reg[1][0]/CLK (DFFHQNx1_ASAP7_75t_R)         0.00       0.01 r
  library hold time                                      17.45      17.46
  data required time                                                17.46
  --------------------------------------------------------------------------
  data required time                                                17.46
  data arrival time                                                -45.93
  --------------------------------------------------------------------------
  slack (MET)                                                       28.48


1
