###############################################################
#  Generated by:      Cadence Innovus 21.14-s109_1
#  OS:                Linux x86_64(Host ID tux-119)
#  Generated on:      Sat Apr  8 17:29:11 2023
#  Design:            top
#  Command:           report_timing > ./reports/post_route.timing.rpt
###############################################################
Path 1: MET Setup Check with Pin node3/s2_reg[1][18]/CLK 
Endpoint:   node3/s2_reg[1][18]/D   (^) checked with  leading edge of 'clk'
Beginpoint: node3/s_o1_reg[0][0]/QN (v) triggered by  leading edge of 'clk'
Path Groups: {clk}
Analysis View: view_tc
Other End Arrival Time         92.700
- Setup                        12.868
+ Phase Shift                 1150.000
= Required Time               1229.822
- Arrival Time                1111.323
= Slack Time                  118.499
     Clock Rise Edge                 0.000
     + Clock Network Latency (Prop)  4.223
     = Beginpoint Arrival Time       4.223
     +-------------------------------------------------------------------------------------------------------------------+ 
     |                  Instance                  |      Arc      |         Cell          |  Delay |  Arrival | Required | 
     |                                            |               |                       |        |   Time   |   Time   | 
     |--------------------------------------------+---------------+-----------------------+--------+----------+----------| 
     | node3/s_o1_reg[0][0]                       | CLK ^         |                       |        |    4.223 |  122.722 | 
     | node3/s_o1_reg[0][0]                       | CLK ^ -> QN v | DFFHQNx2_ASAP7_75t_R  | 81.600 |   85.823 |  204.322 | 
     | U16025                                     | B v -> Y ^    | NAND2xp33_ASAP7_75t_R | 49.600 |  135.423 |  253.922 | 
     | U20716                                     | A ^ -> Y v    | NOR3xp33_ASAP7_75t_R  | 32.100 |  167.523 |  286.022 | 
     | node3/mult_90_G2_G1/S1_2_0                 | B v -> CON ^  | FAx1_ASAP7_75t_R      | 34.500 |  202.023 |  320.522 | 
     | U10595                                     | A ^ -> Y v    | INVx1_ASAP7_75t_R     | 21.700 |  223.723 |  342.222 | 
     | node3/mult_90_G2_G1/S1_3_0                 | B v -> CON ^  | FAx1_ASAP7_75t_R      | 26.000 |  249.723 |  368.222 | 
     | U10567                                     | A ^ -> Y v    | INVx1_ASAP7_75t_R     | 21.800 |  271.523 |  390.022 | 
     | node3/mult_90_G2_G1/S1_4_0                 | B v -> CON ^  | FAx1_ASAP7_75t_R      | 26.300 |  297.823 |  416.322 | 
     | U10228                                     | A ^ -> Y v    | INVx1_ASAP7_75t_R     | 15.400 |  313.223 |  431.722 | 
     | FE_RC_169_0                                | A v -> Y ^    | NOR2xp33_ASAP7_75t_R  | 20.000 |  333.223 |  451.722 | 
     | FE_RC_174_0                                | A ^ -> Y v    | INVxp67_ASAP7_75t_R   | 18.900 |  352.123 |  470.622 | 
     | FE_RC_176_0                                | A v -> Y ^    | NAND2xp5_ASAP7_75t_R  | 15.500 |  367.623 |  486.122 | 
     | U10221                                     | A ^ -> Y v    | INVx1_ASAP7_75t_R     | 15.200 |  382.823 |  501.322 | 
     | node3/mult_90_G2_G1/S1_6_0                 | B v -> CON ^  | FAx1_ASAP7_75t_R      | 29.000 |  411.823 |  530.322 | 
     | U10214                                     | A ^ -> Y v    | INVx2_ASAP7_75t_R     | 16.300 |  428.123 |  546.622 | 
     | node3/mult_90_G2_G1/S1_7_0                 | B v -> CON ^  | FAx1_ASAP7_75t_R      | 24.000 |  452.123 |  570.622 | 
     | U10207                                     | A ^ -> Y v    | INVx1_ASAP7_75t_R     | 21.700 |  473.823 |  592.322 | 
     | node3/mult_90_G2_G1/S1_8_0                 | B v -> CON ^  | FAx1_ASAP7_75t_R      | 26.100 |  499.923 |  618.422 | 
     | U10200                                     | A ^ -> Y v    | INVx1_ASAP7_75t_R     | 21.700 |  521.623 |  640.122 | 
     | node3/mult_90_G2_G1/S1_9_0                 | B v -> CON ^  | FAx1_ASAP7_75t_R      | 26.000 |  547.623 |  666.122 | 
     | U10193                                     | A ^ -> Y v    | INVx1_ASAP7_75t_R     | 21.600 |  569.223 |  687.722 | 
     | node3/mult_90_G2_G1/S1_10_0                | B v -> CON ^  | FAx1_ASAP7_75t_R      | 26.200 |  595.423 |  713.922 | 
     | U10185                                     | A ^ -> Y v    | INVx1_ASAP7_75t_R     | 21.800 |  617.223 |  735.722 | 
     | node3/mult_90_G2_G1/S1_11_0                | B v -> SN v   | FAx1_ASAP7_75t_R      | 57.500 |  674.723 |  793.222 | 
     | FE_RC_471_0                                | B v -> Y ^    | NAND2xp33_ASAP7_75t_R | 26.700 |  701.423 |  819.922 | 
     | FE_RC_469_0                                | B ^ -> Y v    | OAI21xp5_ASAP7_75t_R  | 23.100 |  724.523 |  843.022 | 
     | node3/add_2_root_add_101_3_G2/U1_11        | A v -> CON ^  | FAx1_ASAP7_75t_R      | 28.800 |  753.323 |  871.822 | 
     | U16077                                     | A ^ -> Y v    | INVx1_ASAP7_75t_R     | 17.800 |  771.123 |  889.622 | 
     | node3/add_2_root_add_101_3_G2/U1_12        | CI v -> CON ^ | FAx1_ASAP7_75t_R      | 27.400 |  798.523 |  917.022 | 
     | U16051                                     | A ^ -> Y v    | INVx2_ASAP7_75t_R     | 13.500 |  812.023 |  930.522 | 
     | node3/add_2_root_add_101_3_G2/U1_13        | CI v -> CON ^ | FAx1_ASAP7_75t_R      | 21.000 |  833.023 |  951.522 | 
     | U16078                                     | A ^ -> Y v    | INVx1_ASAP7_75t_R     | 17.800 |  850.823 |  969.322 | 
     | node3/add_2_root_add_101_3_G2/U1_14        | CI v -> CON ^ | FAx1_ASAP7_75t_R      | 22.500 |  873.323 |  991.822 | 
     | U16215                                     | A ^ -> Y v    | INVx1_ASAP7_75t_R     | 18.000 |  891.323 | 1009.822 | 
     | node3/add_2_root_add_101_3_G2/U1_15        | CI v -> CON ^ | FAx1_ASAP7_75t_R      | 25.400 |  916.723 | 1035.222 | 
     | U10126                                     | A ^ -> Y v    | INVx1_ASAP7_75t_R     | 19.200 |  935.923 | 1054.422 | 
     | node3/add_2_root_add_101_3_G2/U1_16        | CI v -> CON ^ | FAx1_ASAP7_75t_R      | 23.200 |  959.123 | 1077.622 | 
     | U10123                                     | A ^ -> Y v    | INVx1_ASAP7_75t_R     | 17.300 |  976.423 | 1094.922 | 
     | FE_RC_134_0                                | A v -> Y ^    | NAND2xp5_ASAP7_75t_R  | 14.800 |  991.223 | 1109.722 | 
     | FE_RC_130_0                                | B ^ -> Y v    | OAI21xp5_ASAP7_75t_R  | 16.700 | 1007.923 | 1126.422 | 
     | FE_OFC98_node3_add_2_root_add_101_3_G2_n36 | A v -> Y ^    | INVx2_ASAP7_75t_R     | 22.000 | 1029.923 | 1148.422 | 
     | FE_RC_299_0                                | C ^ -> Y ^    | MAJx2_ASAP7_75t_R     | 39.800 | 1069.723 | 1188.222 | 
     | node3/add_0_root_add_101_3_G2/U1_18        | CI ^ -> CON v | FAx1_ASAP7_75t_R      | 19.100 | 1088.823 | 1207.322 | 
     | node3/add_0_root_add_101_3_G2/U1_18        | CON v -> SN ^ | FAx1_ASAP7_75t_R      | 22.300 | 1111.123 | 1229.622 | 
     | node3/s2_reg[1][18]                        | D ^           | DFFHQNx1_ASAP7_75t_R  |  0.200 | 1111.323 | 1229.822 | 
     +-------------------------------------------------------------------------------------------------------------------+ 

