###############################################################
#  Generated by:      Cadence Innovus 21.14-s109_1
#  OS:                Linux x86_64(Host ID tux-119)
#  Generated on:      Sat Apr  8 17:47:04 2023
#  Design:            top
#  Command:           report_timing > ./reports/post_route.timing.rpt
###############################################################
Path 1: MET Setup Check with Pin node3/p2_reg[2][0][16]/CLK 
Endpoint:   node3/p2_reg[2][0][16]/D (v) checked with  leading edge of 'clk'
Beginpoint: w68[0]                   (v) triggered by  leading edge of 'clk'
Path Groups: {clk}
Analysis View: view_tc
Other End Arrival Time        112.400
- Setup                         3.114
+ Phase Shift                 1000.000
= Required Time               1109.276
- Arrival Time                1036.400
= Slack Time                   72.877
     Clock Rise Edge                      0.000
     + Input Delay                        0.100
     = Beginpoint Arrival Time            0.100
     +--------------------------------------------------------------------------------------------------+ 
     |         Instance         |      Arc      |         Cell          |  Delay  |  Arrival | Required | 
     |                          |               |                       |         |   Time   |   Time   | 
     |--------------------------+---------------+-----------------------+---------+----------+----------| 
     |                          | w68[0] v      |                       |         |    0.100 |   72.977 | 
     | FE_PHC132_w68_0          | A v -> Y v    | HB1xp67_ASAP7_75t_R   |  50.900 |   51.000 |  123.877 | 
     | U9649                    | A v -> Y ^    | INVx1_ASAP7_75t_R     | 132.100 |  183.100 |  255.977 | 
     | U17373                   | A ^ -> Y v    | NOR2xp33_ASAP7_75t_R  |  75.300 |  258.400 |  331.277 | 
     | U15231                   | C v -> Y ^    | NAND3xp33_ASAP7_75t_R |  38.000 |  296.400 |  369.277 | 
     | U9645                    | A ^ -> Y v    | INVx1_ASAP7_75t_R     |  21.900 |  318.300 |  391.177 | 
     | node3/mult_87_G3/S1_2_0  | B v -> CON ^  | FAx1_ASAP7_75t_R      |  27.000 |  345.300 |  418.177 | 
     | U9639                    | A ^ -> Y v    | INVx1_ASAP7_75t_R     |  23.900 |  369.200 |  442.077 | 
     | node3/mult_87_G3/S1_3_0  | B v -> CON ^  | FAx1_ASAP7_75t_R      |  27.800 |  397.000 |  469.877 | 
     | U9627                    | A ^ -> Y v    | INVx1_ASAP7_75t_R     |  23.200 |  420.200 |  493.077 | 
     | node3/mult_87_G3/S1_4_0  | B v -> CON ^  | FAx1_ASAP7_75t_R      |  27.100 |  447.300 |  520.177 | 
     | U9411                    | A ^ -> Y v    | INVx1_ASAP7_75t_R     |  22.500 |  469.800 |  542.677 | 
     | node3/mult_87_G3/S1_5_0  | B v -> CON ^  | FAx1_ASAP7_75t_R      |  27.600 |  497.400 |  570.277 | 
     | U9404                    | A ^ -> Y v    | INVx1_ASAP7_75t_R     |  22.700 |  520.100 |  592.977 | 
     | node3/mult_87_G3/S1_6_0  | B v -> CON ^  | FAx1_ASAP7_75t_R      |  26.600 |  546.700 |  619.577 | 
     | U9397                    | A ^ -> Y v    | INVx1_ASAP7_75t_R     |  22.500 |  569.200 |  642.077 | 
     | node3/mult_87_G3/S1_7_0  | B v -> CON ^  | FAx1_ASAP7_75t_R      |  26.300 |  595.500 |  668.377 | 
     | U9388                    | A ^ -> Y v    | INVx1_ASAP7_75t_R     |  22.500 |  618.000 |  690.877 | 
     | node3/mult_87_G3/S1_8_0  | B v -> CON ^  | FAx1_ASAP7_75t_R      |  26.400 |  644.400 |  717.277 | 
     | U9380                    | A ^ -> Y v    | INVx1_ASAP7_75t_R     |  22.700 |  667.100 |  739.977 | 
     | node3/mult_87_G3/S1_9_0  | B v -> CON ^  | FAx1_ASAP7_75t_R      |  26.800 |  693.900 |  766.777 | 
     | U9372                    | A ^ -> Y v    | INVx1_ASAP7_75t_R     |  22.800 |  716.700 |  789.577 | 
     | node3/mult_87_G3/S1_10_0 | B v -> CON ^  | FAx1_ASAP7_75t_R      |  26.600 |  743.300 |  816.177 | 
     | U9365                    | A ^ -> Y v    | INVx1_ASAP7_75t_R     |  22.300 |  765.600 |  838.477 | 
     | node3/mult_87_G3/S1_11_0 | B v -> CON ^  | FAx1_ASAP7_75t_R      |  34.700 |  800.300 |  873.177 | 
     | node3/mult_87_G3/S1_11_0 | CON ^ -> SN v | FAx1_ASAP7_75t_R      |  25.900 |  826.200 |  899.077 | 
     | U15966                   | A v -> Y ^    | NOR3xp33_ASAP7_75t_R  |  53.600 |  879.800 |  952.677 | 
     | U15159                   | C ^ -> Y v    | NAND3xp33_ASAP7_75t_R |  35.300 |  915.100 |  987.977 | 
     | U15870                   | A2 v -> Y ^   | AOI21xp5_ASAP7_75t_R  |  39.500 |  954.600 | 1027.477 | 
     | U5671                    | A2 ^ -> Y v   | OAI21xp5_ASAP7_75t_R  |  30.600 |  985.200 | 1058.077 | 
     | U15151                   | CI v -> SN v  | FAx1_ASAP7_75t_R      |  51.000 | 1036.200 | 1109.077 | 
     | node3/p2_reg[2][0][16]   | D v           | DFFHQNx1_ASAP7_75t_R  |   0.200 | 1036.400 | 1109.276 | 
     +--------------------------------------------------------------------------------------------------+ 

