###############################################################
#  Generated by:      Cadence Innovus 21.14-s109_1
#  OS:                Linux x86_64(Host ID tux-165)
#  Generated on:      Sat Apr  8 23:52:34 2023
#  Design:            top
#  Command:           report_timing > ./reports/post_route.timing.rpt
###############################################################
Path 1: MET Setup Check with Pin out0_node3_reg[19]/CLK 
Endpoint:   out0_node3_reg[19]/D    (v) checked with  leading edge of 'clk'
Beginpoint: node3/s_o1_reg[1][0]/QN (v) triggered by  leading edge of 'clk'
Path Groups: {clk}
Analysis View: view_tc
Other End Arrival Time         79.600
- Setup                         2.063
+ Phase Shift                 1400.000
= Required Time               1477.527
- Arrival Time                1381.705
= Slack Time                   95.822
     Clock Rise Edge                 0.000
     + Clock Network Latency (Prop)  8.205
     = Beginpoint Arrival Time       8.205
     +----------------------------------------------------------------------------------------------------------------------+ 
     |                   Instance                    |      Arc      |         Cell          |  Delay |  Arrival | Required | 
     |                                               |               |                       |        |   Time   |   Time   | 
     |-----------------------------------------------+---------------+-----------------------+--------+----------+----------| 
     | node3/s_o1_reg[1][0]                          | CLK ^         |                       |        |    8.206 |  104.028 | 
     | node3/s_o1_reg[1][0]                          | CLK ^ -> QN v | DFFHQNx2_ASAP7_75t_R  | 85.800 |   94.006 |  189.828 | 
     | U940                                          | B v -> Y ^    | NAND2x1p5_ASAP7_75t_R | 32.000 |  126.006 |  221.828 | 
     | U10847                                        | A ^ -> Y v    | INVx2_ASAP7_75t_R     | 11.400 |  137.406 |  233.228 | 
     | U14160                                        | A v -> Y v    | XNOR2xp5_ASAP7_75t_R  | 28.000 |  165.406 |  261.228 | 
     | node3/mult_94_G2/S2_2_1                       | CI v -> CON ^ | FAx1_ASAP7_75t_R      | 24.700 |  190.106 |  285.928 | 
     | U10843                                        | A ^ -> Y v    | INVx1_ASAP7_75t_R     | 19.200 |  209.306 |  305.128 | 
     | FE_RC_174_0                                   | A v -> Y ^    | NAND2xp5_ASAP7_75t_R  | 18.400 |  227.706 |  323.528 | 
     | FE_RC_173_0                                   | A ^ -> Y v    | INVxp67_ASAP7_75t_R   | 18.300 |  246.006 |  341.828 | 
     | FE_RC_172_0                                   | A1 v -> Y ^   | OAI21xp5_ASAP7_75t_R  | 17.500 |  263.506 |  359.328 | 
     | U10610                                        | A ^ -> Y v    | INVx1_ASAP7_75t_R     | 16.700 |  280.206 |  376.028 | 
     | node3/mult_94_G2/S2_4_1                       | B v -> CON ^  | FAx1_ASAP7_75t_R      | 25.000 |  305.206 |  401.028 | 
     | U10604                                        | A ^ -> Y v    | INVx1_ASAP7_75t_R     | 21.600 |  326.806 |  422.628 | 
     | node3/mult_94_G2/S2_5_1                       | B v -> CON ^  | FAx1_ASAP7_75t_R      | 26.500 |  353.306 |  449.128 | 
     | U10599                                        | A ^ -> Y v    | INVx1_ASAP7_75t_R     | 21.600 |  374.906 |  470.728 | 
     | node3/mult_94_G2/S2_6_1                       | B v -> CON ^  | FAx1_ASAP7_75t_R      | 30.700 |  405.606 |  501.428 | 
     | U10594                                        | A ^ -> Y v    | INVx2_ASAP7_75t_R     | 16.300 |  421.906 |  517.728 | 
     | node3/mult_94_G2/S2_7_1                       | B v -> CON ^  | FAx1_ASAP7_75t_R      | 24.800 |  446.706 |  542.528 | 
     | U10589                                        | A ^ -> Y v    | INVx1_ASAP7_75t_R     | 21.900 |  468.606 |  564.428 | 
     | node3/mult_94_G2/S2_8_1                       | B v -> CON ^  | FAx1_ASAP7_75t_R      | 26.500 |  495.106 |  590.928 | 
     | U10584                                        | A ^ -> Y v    | INVx1_ASAP7_75t_R     | 21.600 |  516.706 |  612.528 | 
     | node3/mult_94_G2/S2_9_1                       | B v -> CON ^  | FAx1_ASAP7_75t_R      | 27.500 |  544.206 |  640.028 | 
     | U10578                                        | A ^ -> Y v    | INVx1_ASAP7_75t_R     | 22.000 |  566.206 |  662.028 | 
     | node3/mult_94_G2/S2_10_1                      | B v -> CON ^  | FAx1_ASAP7_75t_R      | 27.700 |  593.906 |  689.728 | 
     | node3/mult_94_G2/S2_10_1                      | CON ^ -> SN v | FAx1_ASAP7_75t_R      | 19.600 |  613.505 |  709.328 | 
     | U10575                                        | A v -> Y ^    | INVx1_ASAP7_75t_R     | 22.100 |  635.605 |  731.428 | 
     | FE_RC_164_0                                   | A ^ -> Y v    | INVxp67_ASAP7_75t_R   | 18.500 |  654.105 |  749.928 | 
     | FE_RC_166_0                                   | A v -> Y ^    | NAND2xp33_ASAP7_75t_R | 20.700 |  674.805 |  770.628 | 
     | FE_RC_165_0                                   | B ^ -> Y v    | NAND2xp5_ASAP7_75t_R  | 15.800 |  690.605 |  786.428 | 
     | U10573                                        | A v -> Y ^    | INVx1_ASAP7_75t_R     | 19.800 |  710.405 |  806.228 | 
     | U302                                          | B ^ -> Y v    | NAND2xp5_ASAP7_75t_R  | 17.300 |  727.705 |  823.528 | 
     | U13807                                        | A v -> Y v    | XOR2xp5_ASAP7_75t_R   | 26.600 |  754.305 |  850.128 | 
     | U16105                                        | A v -> Y ^    | NOR3xp33_ASAP7_75t_R  | 35.500 |  789.805 |  885.628 | 
     | FE_RC_7_0                                     | A2 ^ -> Y v   | OAI21xp5_ASAP7_75t_R  | 24.200 |  814.005 |  909.827 | 
     | U20558                                        | A1 v -> Y ^   | AOI21xp5_ASAP7_75t_R  | 28.800 |  842.805 |  938.627 | 
     | U13796                                        | B ^ -> SN ^   | FAx1_ASAP7_75t_R      | 46.200 |  889.005 |  984.827 | 
     | U10563                                        | A ^ -> Y v    | INVx1_ASAP7_75t_R     | 27.200 |  916.205 | 1012.027 | 
     | FE_RC_190_0                                   | A v -> Y ^    | NOR2xp33_ASAP7_75t_R  | 35.400 |  951.605 | 1047.427 | 
     | FE_RC_189_0                                   | A ^ -> Y v    | INVxp67_ASAP7_75t_R   | 15.900 |  967.505 | 1063.327 | 
     | FE_RC_187_0                                   | A v -> Y ^    | NAND2xp5_ASAP7_75t_R  | 14.100 |  981.605 | 1077.427 | 
     | FE_RC_185_0                                   | A2 ^ -> Y v   | OAI21xp5_ASAP7_75t_R  | 13.800 |  995.405 | 1091.227 | 
     | FE_OFC231_node3_add_2_root_add_109_3_n38      | A v -> Y ^    | INVx1_ASAP7_75t_R     | 29.300 | 1024.705 | 1120.527 | 
     | node3/add_0_root_add_109_3/U1_16              | A ^ -> SN ^   | FAx1_ASAP7_75t_R      | 49.000 | 1073.705 | 1169.527 | 
     | U9809                                         | A ^ -> Y v    | INVx1_ASAP7_75t_R     | 13.900 | 1087.605 | 1183.427 | 
     | FE_OCPC694_n4532                              | A v -> Y v    | BUFx5_ASAP7_75t_R     | 28.200 | 1115.805 | 1211.627 | 
     | add_1_root_add_0_root_add_94_2/U1_16          | B v -> CON ^  | FAx1_ASAP7_75t_R      | 41.400 | 1157.205 | 1253.027 | 
     | U9805                                         | A ^ -> Y v    | INVx2_ASAP7_75t_R     | 13.700 | 1170.905 | 1266.727 | 
     | add_1_root_add_0_root_add_94_2/U1_17          | CI v -> CON ^ | FAx1_ASAP7_75t_R      | 25.700 | 1196.605 | 1292.427 | 
     | add_1_root_add_0_root_add_94_2/U1_17          | CON ^ -> SN v | FAx1_ASAP7_75t_R      | 19.100 | 1215.705 | 1311.527 | 
     | U9798                                         | A v -> Y ^    | INVx1_ASAP7_75t_R     | 21.600 | 1237.305 | 1333.127 | 
     | add_0_root_add_0_root_add_94_2/U1_17          | B ^ -> CON v  | FAx1_ASAP7_75t_R      | 25.400 | 1262.705 | 1358.527 | 
     | U9797                                         | A v -> Y ^    | INVx2_ASAP7_75t_R     | 14.300 | 1277.005 | 1372.827 | 
     | add_0_root_add_0_root_add_94_2/U1_18          | CI ^ -> CON v | FAx1_ASAP7_75t_R      | 17.500 | 1294.505 | 1390.327 | 
     | FE_OCPC733_add_0_root_add_0_root_add_94_2_n45 | A v -> Y v    | BUFx3_ASAP7_75t_R     | 27.100 | 1321.605 | 1417.427 | 
     | FE_RC_267_0                                   | A v -> Y ^    | NAND2x1_ASAP7_75t_R   | 13.000 | 1334.605 | 1430.427 | 
     | FE_RC_265_0                                   | B ^ -> Y v    | OAI21xp5_ASAP7_75t_R  | 16.500 | 1351.105 | 1446.927 | 
     | FE_RC_264_0                                   | A v -> Y ^    | INVxp67_ASAP7_75t_R   | 15.400 | 1366.505 | 1462.327 | 
     | FE_RC_263_0                                   | A1 ^ -> Y v   | OAI22xp5_ASAP7_75t_R  | 15.100 | 1381.605 | 1477.427 | 
     | out0_node3_reg[19]                            | D v           | DFFHQNx2_ASAP7_75t_R  |  0.100 | 1381.705 | 1477.527 | 
     +----------------------------------------------------------------------------------------------------------------------+ 

